Determining if the pthread_create exist failed with the following output:
Change Dir: /home/froglake/reach_and_grasp_ws/build/CMakeFiles/CMakeTmp

Run Build Command:"/usr/bin/make" "cmTryCompileExec1610132037/fast"
/usr/bin/make -f CMakeFiles/cmTryCompileExec1610132037.dir/build.make CMakeFiles/cmTryCompileExec1610132037.dir/build
make[1]: Entering directory `/home/froglake/reach_and_grasp_ws/build/CMakeFiles/CMakeTmp'
/usr/bin/cmake -E cmake_progress_report /home/froglake/reach_and_grasp_ws/build/CMakeFiles/CMakeTmp/CMakeFiles 1
Building C object CMakeFiles/cmTryCompileExec1610132037.dir/CheckSymbolExists.c.o
/usr/bin/cc    -o CMakeFiles/cmTryCompileExec1610132037.dir/CheckSymbolExists.c.o   -c /home/froglake/reach_and_grasp_ws/build/CMakeFiles/CMakeTmp/CheckSymbolExists.c
Linking C executable cmTryCompileExec1610132037
/usr/bin/cmake -E cmake_link_script CMakeFiles/cmTryCompileExec1610132037.dir/link.txt --verbose=1
/usr/bin/cc       CMakeFiles/cmTryCompileExec1610132037.dir/CheckSymbolExists.c.o  -o cmTryCompileExec1610132037 -rdynamic 
CMakeFiles/cmTryCompileExec1610132037.dir/CheckSymbolExists.c.o: In function `main':
CheckSymbolExists.c:(.text+0x16): undefined reference to `pthread_create'
collect2: error: ld returned 1 exit status
make[1]: *** [cmTryCompileExec1610132037] Error 1
make[1]: Leaving directory `/home/froglake/reach_and_grasp_ws/build/CMakeFiles/CMakeTmp'
make: *** [cmTryCompileExec1610132037/fast] Error 2

File /home/froglake/reach_and_grasp_ws/build/CMakeFiles/CMakeTmp/CheckSymbolExists.c:
/* */
#include <pthread.h>

int main(int argc, char** argv)
{
  (void)argv;
#ifndef pthread_create
  return ((int*)(&pthread_create))[argc];
#else
  (void)argc;
  return 0;
#endif
}

Determining if the function pthread_create exists in the pthreads failed with the following output:
Change Dir: /home/froglake/reach_and_grasp_ws/build/CMakeFiles/CMakeTmp

Run Build Command:"/usr/bin/make" "cmTryCompileExec1350163992/fast"
/usr/bin/make -f CMakeFiles/cmTryCompileExec1350163992.dir/build.make CMakeFiles/cmTryCompileExec1350163992.dir/build
make[1]: Entering directory `/home/froglake/reach_and_grasp_ws/build/CMakeFiles/CMakeTmp'
/usr/bin/cmake -E cmake_progress_report /home/froglake/reach_and_grasp_ws/build/CMakeFiles/CMakeTmp/CMakeFiles 1
Building C object CMakeFiles/cmTryCompileExec1350163992.dir/CheckFunctionExists.c.o
/usr/bin/cc   -DCHECK_FUNCTION_EXISTS=pthread_create   -o CMakeFiles/cmTryCompileExec1350163992.dir/CheckFunctionExists.c.o   -c /usr/share/cmake-3.2/Modules/CheckFunctionExists.c
Linking C executable cmTryCompileExec1350163992
/usr/bin/cmake -E cmake_link_script CMakeFiles/cmTryCompileExec1350163992.dir/link.txt --verbose=1
/usr/bin/cc   -DCHECK_FUNCTION_EXISTS=pthread_create    CMakeFiles/cmTryCompileExec1350163992.dir/CheckFunctionExists.c.o  -o cmTryCompileExec1350163992 -rdynamic -lpthreads 
/usr/bin/x86_64-linux-gnu-ld: cannot find -lpthreads
collect2: error: ld returned 1 exit status
make[1]: *** [cmTryCompileExec1350163992] Error 1
make[1]: Leaving directory `/home/froglake/reach_and_grasp_ws/build/CMakeFiles/CMakeTmp'
make: *** [cmTryCompileExec1350163992/fast] Error 2


